{"C:\\Users\\nicki\\Meet\\src\\components\\NumberOfEvents.js": {"path":"C:\\Users\\nicki\\Meet\\src\\components\\NumberOfEvents.js","statementMap":{"0":{"start":{"line":5,"column":23},"end":{"line":37,"column":1}},"1":{"start":{"line":6,"column":30},"end":{"line":6,"column":42}},"2":{"start":{"line":8,"column":23},"end":{"line":21,"column":3}},"3":{"start":{"line":9,"column":18},"end":{"line":9,"column":50}},"4":{"start":{"line":10,"column":4},"end":{"line":20,"column":5}},"5":{"start":{"line":11,"column":6},"end":{"line":11,"column":44}},"6":{"start":{"line":12,"column":6},"end":{"line":12,"column":20}},"7":{"start":{"line":13,"column":11},"end":{"line":20,"column":5}},"8":{"start":{"line":14,"column":6},"end":{"line":14,"column":55}},"9":{"start":{"line":15,"column":6},"end":{"line":15,"column":20}},"10":{"start":{"line":17,"column":6},"end":{"line":17,"column":24}},"11":{"start":{"line":18,"column":6},"end":{"line":18,"column":23}},"12":{"start":{"line":19,"column":6},"end":{"line":19,"column":27}},"13":{"start":{"line":23,"column":2},"end":{"line":36,"column":4}},"14":{"start":{"line":39,"column":0},"end":{"line":42,"column":2}}},"fnMap":{"0":{"name":"(anonymous_0)","decl":{"start":{"line":5,"column":23},"end":{"line":5,"column":24}},"loc":{"start":{"line":5,"column":61},"end":{"line":37,"column":1}},"line":5},"1":{"name":"(anonymous_1)","decl":{"start":{"line":8,"column":23},"end":{"line":8,"column":24}},"loc":{"start":{"line":8,"column":34},"end":{"line":21,"column":3}},"line":8}},"branchMap":{"0":{"loc":{"start":{"line":10,"column":4},"end":{"line":20,"column":5}},"type":"if","locations":[{"start":{"line":10,"column":4},"end":{"line":20,"column":5}},{"start":{"line":13,"column":11},"end":{"line":20,"column":5}}],"line":10},"1":{"loc":{"start":{"line":10,"column":8},"end":{"line":10,"column":34}},"type":"binary-expr","locations":[{"start":{"line":10,"column":8},"end":{"line":10,"column":20}},{"start":{"line":10,"column":24},"end":{"line":10,"column":34}}],"line":10},"2":{"loc":{"start":{"line":13,"column":11},"end":{"line":20,"column":5}},"type":"if","locations":[{"start":{"line":13,"column":11},"end":{"line":20,"column":5}},{"start":{"line":16,"column":11},"end":{"line":20,"column":5}}],"line":13}},"s":{"0":1,"1":28,"2":28,"3":20,"4":20,"5":7,"6":7,"7":13,"8":2,"9":2,"10":11,"11":11,"12":11,"13":28,"14":1},"f":{"0":28,"1":20},"b":{"0":[7,13],"1":[20,13],"2":[2,11]},"_coverageSchema":"1a1c01bbd47fc00a2c39e90264f33305004495a9","hash":"c4caa016bbed58b345e6004ca24117af2e5bd416"}
}
